# JRE version: OpenJDK Runtime Environment Temurin-21.0.8+9 (21.0.8+9) (build 21.0.8+9-LTS)
# Java VM: OpenJDK 64-Bit Server VM Temurin-21.0.8+9 (21.0.8+9-LTS, mixed mode, sharing, tiered, compressed oops, compressed class ptrs, parallel gc, windows-amd64)
GC Precious Log:
 CardTable entry size: 512
 CPUs: 4 total, 4 available
 Memory: 3830M
 Large Page Support: Disabled
 NUMA Support: Disabled
 Compressed Oops: Enabled (32-bit)
 Alignments: Space 512K, Generation 512K, Heap 2M
 Heap Min Capacity: 100M
 Heap Initial Capacity: 100M
 Heap Max Capacity: 2G
 Pre-touch: Disabled
 Parallel Workers: 4
Heap:
 PSYoungGen      total 7168K, used 6773K [0x00000000d5580000, 0x00000000d6280000, 0x0000000100000000)
  eden space 6656K, 96% used [0x00000000d5580000,0x00000000d5bcd6c8,0x00000000d5c00000)
  from space 512K, 62% used [0x00000000d6180000,0x00000000d61d0000,0x00000000d6200000)
  to   space 512K, 0% used [0x00000000d6200000,0x00000000d6200000,0x00000000d6280000)
 ParOldGen       total 1318400K, used 236852K [0x0000000080000000, 0x00000000d0780000, 0x00000000d5580000)
  object space 1318400K, 17% used [0x0000000080000000,0x000000008e74d328,0x00000000d0780000)
 Metaspace       used 87704K, committed 89408K, reserved 1179648K
  class space    used 8594K, committed 9280K, reserved 1048576K
GC Heap History (20 events):
Event: 17144.183 GC heap before
{Heap before GC invocations=2876 (full 6):
 PSYoungGen      total 10752K, used 10611K [0x00000000d5580000, 0x00000000d6c00000, 0x0000000100000000)
  eden space 9728K, 98% used [0x00000000d5580000,0x00000000d5ee2128,0x00000000d5f00000)
  from space 1024K, 98% used [0x00000000d5f80000,0x00000000d607ae20,0x00000000d6080000)
  to   space 6656K, 0% used [0x00000000d6580000,0x00000000d6580000,0x00000000d6c00000)
 ParOldGen       total 1318400K, used 223043K [0x0000000080000000, 0x00000000d0780000, 0x00000000d5580000)
  object space 1318400K, 16% used [0x0000000080000000,0x000000008d9d0c78,0x00000000d0780000)
 Metaspace       used 87563K, committed 89216K, reserved 1179648K
  class space    used 8577K, committed 9280K, reserved 1048576K
}
Event: 17144.227 GC heap after
{Heap after GC invocations=2876 (full 6):
 PSYoungGen      total 14848K, used 4628K [0x00000000d5580000, 0x00000000d6a80000, 0x0000000100000000)
  eden space 9728K, 0% used [0x00000000d5580000,0x00000000d5580000,0x00000000d5f00000)
  from space 5120K, 90% used [0x00000000d6580000,0x00000000d6a05000,0x00000000d6a80000)
  to   space 5120K, 0% used [0x00000000d6080000,0x00000000d6080000,0x00000000d6580000)
 ParOldGen       total 1318400K, used 224426K [0x0000000080000000, 0x00000000d0780000, 0x00000000d5580000)
  object space 1318400K, 17% used [0x0000000080000000,0x000000008db2a8c8,0x00000000d0780000)
 Metaspace       used 87563K, committed 89216K, reserved 1179648K
  class space    used 8577K, committed 9280K, reserved 1048576K
}
Event: 17144.817 GC heap before
{Heap before GC invocations=2877 (full 6):
 PSYoungGen      total 14848K, used 14356K [0x00000000d5580000, 0x00000000d6a80000, 0x0000000100000000)
  eden space 9728K, 100% used [0x00000000d5580000,0x00000000d5f00000,0x00000000d5f00000)
  from space 5120K, 90% used [0x00000000d6580000,0x00000000d6a05000,0x00000000d6a80000)
  to   space 5120K, 0% used [0x00000000d6080000,0x00000000d6080000,0x00000000d6580000)
 ParOldGen       total 1318400K, used 224426K [0x0000000080000000, 0x00000000d0780000, 0x00000000d5580000)
  object space 1318400K, 17% used [0x0000000080000000,0x000000008db2a8c8,0x00000000d0780000)
 Metaspace       used 87563K, committed 89216K, reserved 1179648K
  class space    used 8577K, committed 9280K, reserved 1048576K
}
Event: 17144.867 GC heap after
{Heap after GC invocations=2877 (full 6):
 PSYoungGen      total 13824K, used 3759K [0x00000000d5580000, 0x00000000d6800000, 0x0000000100000000)
  eden space 9728K, 0% used [0x00000000d5580000,0x00000000d5580000,0x00000000d5f00000)
  from space 4096K, 91% used [0x00000000d6080000,0x00000000d642bd30,0x00000000d6480000)
  to   space 3584K, 0% used [0x00000000d6480000,0x00000000d6480000,0x00000000d6800000)
 ParOldGen       total 1318400K, used 228514K [0x0000000080000000, 0x00000000d0780000, 0x00000000d5580000)
  object space 1318400K, 17% used [0x0000000080000000,0x000000008df288c8,0x00000000d0780000)
 Metaspace       used 87563K, committed 89216K, reserved 1179648K
  class space    used 8577K, committed 9280K, reserved 1048576K
}
Event: 17145.866 GC heap before
{Heap before GC invocations=2878 (full 6):
 PSYoungGen      total 13824K, used 13487K [0x00000000d5580000, 0x00000000d6800000, 0x0000000100000000)
  eden space 9728K, 100% used [0x00000000d5580000,0x00000000d5f00000,0x00000000d5f00000)
  from space 4096K, 91% used [0x00000000d6080000,0x00000000d642bd30,0x00000000d6480000)
  to   space 3584K, 0% used [0x00000000d6480000,0x00000000d6480000,0x00000000d6800000)
 ParOldGen       total 1318400K, used 228514K [0x0000000080000000, 0x00000000d0780000, 0x00000000d5580000)
  object space 1318400K, 17% used [0x0000000080000000,0x000000008df288c8,0x00000000d0780000)
 Metaspace       used 87563K, committed 89216K, reserved 1179648K
  class space    used 8577K, committed 9280K, reserved 1048576K
}
Event: 17145.899 GC heap after
{Heap after GC invocations=2878 (full 6):
 PSYoungGen      total 10240K, used 3568K [0x00000000d5580000, 0x00000000d7000000, 0x0000000100000000)
  eden space 6656K, 0% used [0x00000000d5580000,0x00000000d5580000,0x00000000d5c00000)
  from space 3584K, 99% used [0x00000000d6480000,0x00000000d67fc020,0x00000000d6800000)
  to   space 8704K, 0% used [0x00000000d5c00000,0x00000000d5c00000,0x00000000d6480000)
 ParOldGen       total 1318400K, used 232801K [0x0000000080000000, 0x00000000d0780000, 0x00000000d5580000)
  object space 1318400K, 17% used [0x0000000080000000,0x000000008e3585f8,0x00000000d0780000)
 Metaspace       used 87563K, committed 89216K, reserved 1179648K
  class space    used 8577K, committed 9280K, reserved 1048576K
}
Event: 17162.520 GC heap before
{Heap before GC invocations=2879 (full 6):
 PSYoungGen      total 10240K, used 10224K [0x00000000d5580000, 0x00000000d7000000, 0x0000000100000000)
  eden space 6656K, 100% used [0x00000000d5580000,0x00000000d5c00000,0x00000000d5c00000)
  from space 3584K, 99% used [0x00000000d6480000,0x00000000d67fc020,0x00000000d6800000)
  to   space 8704K, 0% used [0x00000000d5c00000,0x00000000d5c00000,0x00000000d6480000)
 ParOldGen       total 1318400K, used 232801K [0x0000000080000000, 0x00000000d0780000, 0x00000000d5580000)
  object space 1318400K, 17% used [0x0000000080000000,0x000000008e3585f8,0x00000000d0780000)
 Metaspace       used 87567K, committed 89216K, reserved 1179648K
  class space    used 8577K, committed 9280K, reserved 1048576K
}
Event: 17162.716 GC heap after
{Heap after GC invocations=2879 (full 6):
 PSYoungGen      total 7168K, used 192K [0x00000000d5580000, 0x00000000d6500000, 0x0000000100000000)
  eden space 6656K, 0% used [0x00000000d5580000,0x00000000d5580000,0x00000000d5c00000)
  from space 512K, 37% used [0x00000000d5c00000,0x00000000d5c30000,0x00000000d5c80000)
  to   space 3072K, 0% used [0x00000000d6200000,0x00000000d6200000,0x00000000d6500000)
 ParOldGen       total 1318400K, used 236308K [0x0000000080000000, 0x00000000d0780000, 0x00000000d5580000)
  object space 1318400K, 17% used [0x0000000080000000,0x000000008e6c5328,0x00000000d0780000)
 Metaspace       used 87567K, committed 89216K, reserved 1179648K
  class space    used 8577K, committed 9280K, reserved 1048576K
}
Event: 17164.064 GC heap before
{Heap before GC invocations=2880 (full 6):
 PSYoungGen      total 7168K, used 6846K [0x00000000d5580000, 0x00000000d6500000, 0x0000000100000000)
  eden space 6656K, 99% used [0x00000000d5580000,0x00000000d5bff838,0x00000000d5c00000)
  from space 512K, 37% used [0x00000000d5c00000,0x00000000d5c30000,0x00000000d5c80000)
  to   space 3072K, 0% used [0x00000000d6200000,0x00000000d6200000,0x00000000d6500000)
 ParOldGen       total 1318400K, used 236308K [0x0000000080000000, 0x00000000d0780000, 0x00000000d5580000)
  object space 1318400K, 17% used [0x0000000080000000,0x000000008e6c5328,0x00000000d0780000)
 Metaspace       used 87571K, committed 89216K, reserved 1179648K
  class space    used 8577K, committed 9280K, reserved 1048576K
}
Event: 17164.071 GC heap after
{Heap after GC invocations=2880 (full 6):
 PSYoungGen      total 7168K, used 224K [0x00000000d5580000, 0x00000000d6280000, 0x0000000100000000)
  eden space 6656K, 0% used [0x00000000d5580000,0x00000000d5580000,0x00000000d5c00000)
  from space 512K, 43% used [0x00000000d6200000,0x00000000d6238000,0x00000000d6280000)
  to   space 1024K, 0% used [0x00000000d6080000,0x00000000d6080000,0x00000000d6180000)
 ParOldGen       total 1318400K, used 236372K [0x0000000080000000, 0x00000000d0780000, 0x00000000d5580000)
  object space 1318400K, 17% used [0x0000000080000000,0x000000008e6d5328,0x00000000d0780000)
 Metaspace       used 87571K, committed 89216K, reserved 1179648K
  class space    used 8577K, committed 9280K, reserved 1048576K
}
Event: 18604.057 GC heap before
{Heap before GC invocations=2881 (full 6):
 PSYoungGen      total 7168K, used 6880K [0x00000000d5580000, 0x00000000d6280000, 0x0000000100000000)
  eden space 6656K, 100% used [0x00000000d5580000,0x00000000d5c00000,0x00000000d5c00000)
  from space 512K, 43% used [0x00000000d6200000,0x00000000d6238000,0x00000000d6280000)
  to   space 1024K, 0% used [0x00000000d6080000,0x00000000d6080000,0x00000000d6180000)
 ParOldGen       total 1318400K, used 236372K [0x0000000080000000, 0x00000000d0780000, 0x00000000d5580000)
  object space 1318400K, 17% used [0x0000000080000000,0x000000008e6d5328,0x00000000d0780000)
 Metaspace       used 87684K, committed 89344K, reserved 1179648K
  class space    used 8594K, committed 9280K, reserved 1048576K
}
Event: 18604.338 GC heap after
{Heap after GC invocations=2881 (full 6):
 PSYoungGen      total 7680K, used 384K [0x00000000d5580000, 0x00000000d6280000, 0x0000000100000000)
  eden space 6656K, 0% used [0x00000000d5580000,0x00000000d5580000,0x00000000d5c00000)
  from space 1024K, 37% used [0x00000000d6080000,0x00000000d60e0000,0x00000000d6180000)
  to   space 512K, 0% used [0x00000000d6200000,0x00000000d6200000,0x00000000d6280000)
 ParOldGen       total 1318400K, used 236404K [0x0000000080000000, 0x00000000d0780000, 0x00000000d5580000)
  object space 1318400K, 17% used [0x0000000080000000,0x000000008e6dd328,0x00000000d0780000)
 Metaspace       used 87684K, committed 89344K, reserved 1179648K
  class space    used 8594K, committed 9280K, reserved 1048576K
}
Event: 18608.104 GC heap before
{Heap before GC invocations=2882 (full 6):
 PSYoungGen      total 7680K, used 6925K [0x00000000d5580000, 0x00000000d6280000, 0x0000000100000000)
  eden space 6656K, 98% used [0x00000000d5580000,0x00000000d5be3440,0x00000000d5c00000)
  from space 1024K, 37% used [0x00000000d6080000,0x00000000d60e0000,0x00000000d6180000)
  to   space 512K, 0% used [0x00000000d6200000,0x00000000d6200000,0x00000000d6280000)
 ParOldGen       total 1318400K, used 236404K [0x0000000080000000, 0x00000000d0780000, 0x00000000d5580000)
  object space 1318400K, 17% used [0x0000000080000000,0x000000008e6dd328,0x00000000d0780000)
 Metaspace       used 87692K, committed 89344K, reserved 1179648K
  class space    used 8594K, committed 9280K, reserved 1048576K
}
Event: 18608.113 GC heap after
{Heap after GC invocations=2882 (full 6):
 PSYoungGen      total 7168K, used 128K [0x00000000d5580000, 0x00000000d6280000, 0x0000000100000000)
  eden space 6656K, 0% used [0x00000000d5580000,0x00000000d5580000,0x00000000d5c00000)
  from space 512K, 25% used [0x00000000d6200000,0x00000000d6220000,0x00000000d6280000)
  to   space 512K, 0% used [0x00000000d6180000,0x00000000d6180000,0x00000000d6200000)
 ParOldGen       total 1318400K, used 236708K [0x0000000080000000, 0x00000000d0780000, 0x00000000d5580000)
  object space 1318400K, 17% used [0x0000000080000000,0x000000008e729328,0x00000000d0780000)
 Metaspace       used 87692K, committed 89344K, reserved 1179648K
  class space    used 8594K, committed 9280K, reserved 1048576K
}
Event: 18609.611 GC heap before
{Heap before GC invocations=2883 (full 6):
 PSYoungGen      total 7168K, used 6784K [0x00000000d5580000, 0x00000000d6280000, 0x0000000100000000)
  eden space 6656K, 100% used [0x00000000d5580000,0x00000000d5c00000,0x00000000d5c00000)
  from space 512K, 25% used [0x00000000d6200000,0x00000000d6220000,0x00000000d6280000)
  to   space 512K, 0% used [0x00000000d6180000,0x00000000d6180000,0x00000000d6200000)
 ParOldGen       total 1318400K, used 236708K [0x0000000080000000, 0x00000000d0780000, 0x00000000d5580000)
  object space 1318400K, 17% used [0x0000000080000000,0x000000008e729328,0x00000000d0780000)
 Metaspace       used 87697K, committed 89408K, reserved 1179648K
  class space    used 8594K, committed 9280K, reserved 1048576K
}
Event: 18609.618 GC heap after
{Heap after GC invocations=2883 (full 6):
 PSYoungGen      total 7168K, used 160K [0x00000000d5580000, 0x00000000d6280000, 0x0000000100000000)
  eden space 6656K, 0% used [0x00000000d5580000,0x00000000d5580000,0x00000000d5c00000)
  from space 512K, 31% used [0x00000000d6180000,0x00000000d61a8000,0x00000000d6200000)
  to   space 512K, 0% used [0x00000000d6200000,0x00000000d6200000,0x00000000d6280000)
 ParOldGen       total 1318400K, used 236740K [0x0000000080000000, 0x00000000d0780000, 0x00000000d5580000)
  object space 1318400K, 17% used [0x0000000080000000,0x000000008e731328,0x00000000d0780000)
 Metaspace       used 87697K, committed 89408K, reserved 1179648K
  class space    used 8594K, committed 9280K, reserved 1048576K
}
Event: 18654.839 GC heap before
{Heap before GC invocations=2884 (full 6):
 PSYoungGen      total 7168K, used 6810K [0x00000000d5580000, 0x00000000d6280000, 0x0000000100000000)
  eden space 6656K, 99% used [0x00000000d5580000,0x00000000d5bfea80,0x00000000d5c00000)
  from space 512K, 31% used [0x00000000d6180000,0x00000000d61a8000,0x00000000d6200000)
  to   space 512K, 0% used [0x00000000d6200000,0x00000000d6200000,0x00000000d6280000)
 ParOldGen       total 1318400K, used 236740K [0x0000000080000000, 0x00000000d0780000, 0x00000000d5580000)
  object space 1318400K, 17% used [0x0000000080000000,0x000000008e731328,0x00000000d0780000)
 Metaspace       used 87700K, committed 89408K, reserved 1179648K
  class space    used 8594K, committed 9280K, reserved 1048576K
}
Event: 18655.051 GC heap after
{Heap after GC invocations=2884 (full 6):
 PSYoungGen      total 7168K, used 256K [0x00000000d5580000, 0x00000000d6280000, 0x0000000100000000)
  eden space 6656K, 0% used [0x00000000d5580000,0x00000000d5580000,0x00000000d5c00000)
  from space 512K, 50% used [0x00000000d6200000,0x00000000d6240000,0x00000000d6280000)
  to   space 512K, 0% used [0x00000000d6180000,0x00000000d6180000,0x00000000d6200000)
 ParOldGen       total 1318400K, used 236788K [0x0000000080000000, 0x00000000d0780000, 0x00000000d5580000)
  object space 1318400K, 17% used [0x0000000080000000,0x000000008e73d328,0x00000000d0780000)
 Metaspace       used 87700K, committed 89408K, reserved 1179648K
  class space    used 8594K, committed 9280K, reserved 1048576K
}
Event: 18656.023 GC heap before
{Heap before GC invocations=2885 (full 6):
 PSYoungGen      total 7168K, used 6911K [0x00000000d5580000, 0x00000000d6280000, 0x0000000100000000)
  eden space 6656K, 99% used [0x00000000d5580000,0x00000000d5bfffe0,0x00000000d5c00000)
  from space 512K, 50% used [0x00000000d6200000,0x00000000d6240000,0x00000000d6280000)
  to   space 512K, 0% used [0x00000000d6180000,0x00000000d6180000,0x00000000d6200000)
 ParOldGen       total 1318400K, used 236788K [0x0000000080000000, 0x00000000d0780000, 0x00000000d5580000)
  object space 1318400K, 17% used [0x0000000080000000,0x000000008e73d328,0x00000000d0780000)
 Metaspace       used 87702K, committed 89408K, reserved 1179648K
  class space    used 8594K, committed 9280K, reserved 1048576K
}
Event: 18656.028 GC heap after
{Heap after GC invocations=2885 (full 6):
 PSYoungGen      total 7168K, used 320K [0x00000000d5580000, 0x00000000d6280000, 0x0000000100000000)
  eden space 6656K, 0% used [0x00000000d5580000,0x00000000d5580000,0x00000000d5c00000)
  from space 512K, 62% used [0x00000000d6180000,0x00000000d61d0000,0x00000000d6200000)
  to   space 512K, 0% used [0x00000000d6200000,0x00000000d6200000,0x00000000d6280000)
 ParOldGen       total 1318400K, used 236852K [0x0000000080000000, 0x00000000d0780000, 0x00000000d5580000)
  object space 1318400K, 17% used [0x0000000080000000,0x000000008e74d328,0x00000000d0780000)
 Metaspace       used 87702K, committed 89408K, reserved 1179648K
  class space    used 8594K, committed 9280K, reserved 1048576K
}

